#
# There is insufficient memory for the Java Runtime Environment to continue.
# Native memory allocation (malloc) failed to allocate 1066256 bytes for Chunk::new
# Possible reasons:
#   The system is out of physical RAM or swap space
#   The process is running with CompressedOops enabled, and the Java Heap may be blocking the growth of the native heap
# Possible solutions:
#   Reduce memory load on the system
#   Increase physical memory or swap space
#   Check if swap backing store is full
#   Decrease Java heap size (-Xmx/-Xms)
#   Decrease number of Java threads
#   Decrease Java thread stack sizes (-Xss)
#   Set larger code cache with -XX:ReservedCodeCacheSize=
#   JVM is running with Unscaled Compressed Oops mode in which the Java heap is
#     placed in the first 4GB address space. The Java Heap base address is the
#     maximum limit for the native heap growth. Please use -XX:HeapBaseMinAddress
#     to set the Java Heap base and to place the Java Heap above 4GB virtual address.
# This output file may be truncated or incomplete.
#
#  Out of Memory Error (./src/hotspot/share/memory/arena.cpp:197), pid=17044, tid=23852
#
# JRE version: OpenJDK Runtime Environment (11.0.12+7) (build 11.0.12+7-b1504.28-7817840)
# Java VM: OpenJDK 64-Bit Server VM (11.0.12+7-b1504.28-7817840, mixed mode, tiered, compressed oops, g1 gc, windows-amd64)
# No core dump will be written. Minidumps are not enabled by default on client versions of Windows
#

---------------  S U M M A R Y ------------

Command Line: --add-opens=java.base/java.util=ALL-UNNAMED --add-opens=java.base/java.lang=ALL-UNNAMED --add-opens=java.base/java.lang.invoke=ALL-UNNAMED --add-opens=java.base/java.util=ALL-UNNAMED --add-opens=java.prefs/java.util.prefs=ALL-UNNAMED --add-opens=java.prefs/java.util.prefs=ALL-UNNAMED --add-opens=java.base/java.nio.charset=ALL-UNNAMED --add-opens=java.base/java.net=ALL-UNNAMED --add-opens=java.base/java.util.concurrent.atomic=ALL-UNNAMED -Xmx2048m -Dfile.encoding=UTF-8 -Duser.country=US -Duser.language=en -Duser.variant org.gradle.launcher.daemon.bootstrap.GradleDaemon 7.3.3

Host: AMD Ryzen 5 3550H with Radeon Vega Mobile Gfx  , 8 cores, 11G,  Windows 10 , 64 bit Build 19041 (10.0.19041.1889)
Time: Wed Aug 31 20:24:22 2022 Malay Peninsula Standard Time elapsed time: 4.157038 seconds (0d 0h 0m 4s)

---------------  T H R E A D  ---------------

Current thread (0x000001ef311f3000):  JavaThread "C2 CompilerThread0" daemon [_thread_in_native, id=23852, stack(0x00000028b0d00000,0x00000028b0e00000)]


Current CompileTask:
C2:   4157 2132   !   4       java.net.URLClassLoader$1::run (63 bytes)

Stack: [0x00000028b0d00000,0x00000028b0e00000]
Native frames: (J=compiled Java code, j=interpreted, Vv=VM code, C=native code)
V  [jvm.dll+0x5fbcea]
V  [jvm.dll+0x731905]
V  [jvm.dll+0x732f1d]
V  [jvm.dll+0x7335d3]
V  [jvm.dll+0x247bf8]
V  [jvm.dll+0xc018c]
V  [jvm.dll+0xc06cc]
V  [jvm.dll+0x2bcc04]
V  [jvm.dll+0x5113a8]
V  [jvm.dll+0x208303]
V  [jvm.dll+0x201fe0]
V  [jvm.dll+0x1ff71f]
V  [jvm.dll+0x18868c]
V  [jvm.dll+0x20e0d7]
V  [jvm.dll+0x20c901]
V  [jvm.dll+0x6f9b7f]
V  [jvm.dll+0x6f26a5]
V  [jvm.dll+0x5fabf6]
C  [ucrtbase.dll+0x21bb2]
C  [KERNEL32.DLL+0x17034]
C  [ntdll.dll+0x52651]


---------------  P R O C E S S  ---------------

Threads class SMR info:
_java_thread_list=0x000001ef33923d60, length=24, elements={
0x000001ef164d0000, 0x000001ef30995800, 0x000001ef3099a800, 0x000001ef311e2800,
0x000001ef311e4000, 0x000001ef311e6000, 0x000001ef311f3000, 0x000001ef311fa000,
0x000001ef311fd000, 0x000001ef3136d000, 0x000001ef3311e800, 0x000001ef32e69000,
0x000001ef32e6a800, 0x000001ef32e6b000, 0x000001ef32e69800, 0x000001ef32d23800,
0x000001ef32d21000, 0x000001ef32d22000, 0x000001ef32d25800, 0x000001ef32d24800,
0x000001ef32d1f800, 0x000001ef32d26000, 0x000001ef32d20800, 0x000001ef32d27000
}

Java Threads: ( => current thread )
  0x000001ef164d0000 JavaThread "main" [_thread_blocked, id=23488, stack(0x00000028b0100000,0x00000028b0200000)]
  0x000001ef30995800 JavaThread "Reference Handler" daemon [_thread_blocked, id=25188, stack(0x00000028b0800000,0x00000028b0900000)]
  0x000001ef3099a800 JavaThread "Finalizer" daemon [_thread_blocked, id=17136, stack(0x00000028b0900000,0x00000028b0a00000)]
  0x000001ef311e2800 JavaThread "Signal Dispatcher" daemon [_thread_blocked, id=12804, stack(0x00000028b0a00000,0x00000028b0b00000)]
  0x000001ef311e4000 JavaThread "Attach Listener" daemon [_thread_blocked, id=16920, stack(0x00000028b0b00000,0x00000028b0c00000)]
  0x000001ef311e6000 JavaThread "Service Thread" daemon [_thread_blocked, id=25264, stack(0x00000028b0c00000,0x00000028b0d00000)]
=>0x000001ef311f3000 JavaThread "C2 CompilerThread0" daemon [_thread_in_native, id=23852, stack(0x00000028b0d00000,0x00000028b0e00000)]
  0x000001ef311fa000 JavaThread "C1 CompilerThread0" daemon [_thread_in_vm, id=24644, stack(0x00000028b0e00000,0x00000028b0f00000)]
  0x000001ef311fd000 JavaThread "Sweeper thread" daemon [_thread_blocked, id=21964, stack(0x00000028b0f00000,0x00000028b1000000)]
  0x000001ef3136d000 JavaThread "Common-Cleaner" daemon [_thread_blocked, id=17380, stack(0x00000028b1000000,0x00000028b1100000)]
  0x000001ef3311e800 JavaThread "Daemon health stats" [_thread_blocked, id=9608, stack(0x00000028b1500000,0x00000028b1600000)]
  0x000001ef32e69000 JavaThread "Incoming local TCP Connector on port 54684" [_thread_in_native, id=25512, stack(0x00000028b1600000,0x00000028b1700000)]
  0x000001ef32e6a800 JavaThread "Daemon periodic checks" [_thread_blocked, id=18744, stack(0x00000028b1700000,0x00000028b1800000)]
  0x000001ef32e6b000 JavaThread "Daemon" [_thread_blocked, id=16360, stack(0x00000028b1800000,0x00000028b1900000)]
  0x000001ef32e69800 JavaThread "Handler for socket connection from /127.0.0.1:54684 to /127.0.0.1:54685" [_thread_in_native, id=25516, stack(0x00000028b1900000,0x00000028b1a00000)]
  0x000001ef32d23800 JavaThread "Cancel handler" [_thread_blocked, id=19020, stack(0x00000028b1a00000,0x00000028b1b00000)]
  0x000001ef32d21000 JavaThread "Daemon worker" [_thread_blocked, id=10944, stack(0x00000028b1b00000,0x00000028b1c00000)]
  0x000001ef32d22000 JavaThread "Asynchronous log dispatcher for DefaultDaemonConnection: socket connection from /127.0.0.1:54684 to /127.0.0.1:54685" [_thread_blocked, id=16944, stack(0x00000028b1c00000,0x00000028b1d00000)]
  0x000001ef32d25800 JavaThread "Stdin handler" [_thread_blocked, id=4868, stack(0x00000028b1d00000,0x00000028b1e00000)]
  0x000001ef32d24800 JavaThread "Daemon client event forwarder" [_thread_blocked, id=21492, stack(0x00000028b1e00000,0x00000028b1f00000)]
  0x000001ef32d1f800 JavaThread "Cache worker for journal cache (C:\Users\Yusri\.gradle\caches\journal-1)" [_thread_blocked, id=6400, stack(0x00000028b1f00000,0x00000028b2000000)]
  0x000001ef32d26000 JavaThread "File lock request listener" [_thread_in_native, id=24952, stack(0x00000028b2000000,0x00000028b2100000)]
  0x000001ef32d20800 JavaThread "Cache worker for file hash cache (C:\Users\Yusri\.gradle\caches\7.3.3\fileHashes)" [_thread_blocked, id=12828, stack(0x00000028b2600000,0x00000028b2700000)]
  0x000001ef32d27000 JavaThread "Cache worker for file hash cache (E:\Project\Nitroce\.gradle\7.3.3\fileHashes)" [_thread_blocked, id=14792, stack(0x00000028b2700000,0x00000028b2800000)]

Other Threads:
  0x000001ef30983000 VMThread "VM Thread" [stack: 0x00000028b0700000,0x00000028b0800000] [id=3340]
  0x000001ef31377000 WatcherThread [stack: 0x00000028b1100000,0x00000028b1200000] [id=17724]
  0x000001ef164ea000 GCTaskThread "GC Thread#0" [stack: 0x00000028b0200000,0x00000028b0300000] [id=25296]
  0x000001ef3219a800 GCTaskThread "GC Thread#1" [stack: 0x00000028b1200000,0x00000028b1300000] [id=18872]
  0x000001ef3219b000 GCTaskThread "GC Thread#2" [stack: 0x00000028b1300000,0x00000028b1400000] [id=12564]
  0x000001ef31f89800 GCTaskThread "GC Thread#3" [stack: 0x00000028b1400000,0x00000028b1500000] [id=10904]
  0x000001ef335cb800 GCTaskThread "GC Thread#4" [stack: 0x00000028b2100000,0x00000028b2200000] [id=24964]
  0x000001ef33191800 GCTaskThread "GC Thread#5" [stack: 0x00000028b2200000,0x00000028b2300000] [id=22228]
  0x000001ef33192800 GCTaskThread "GC Thread#6" [stack: 0x00000028b2300000,0x00000028b2400000] [id=12492]
  0x000001ef334b8000 GCTaskThread "GC Thread#7" [stack: 0x00000028b2400000,0x00000028b2500000] [id=21656]
  0x000001ef1651e800 ConcurrentGCThread "G1 Main Marker" [stack: 0x00000028b0300000,0x00000028b0400000] [id=25280]
  0x000001ef1651f800 ConcurrentGCThread "G1 Conc#0" [stack: 0x00000028b0400000,0x00000028b0500000] [id=24960]
  0x000001ef329c8800 ConcurrentGCThread "G1 Conc#1" [stack: 0x00000028b2500000,0x00000028b2600000] [id=19732]
  0x000001ef307d4800 ConcurrentGCThread "G1 Refine#0" [stack: 0x00000028b0500000,0x00000028b0600000] [id=21388]
  0x000001ef165ae000 ConcurrentGCThread "G1 Young RemSet Sampling" [stack: 0x00000028b0600000,0x00000028b0700000] [id=24716]

Threads with active compile tasks:
C2 CompilerThread0   4191 2132   !   4       java.net.URLClassLoader$1::run (63 bytes)
C1 CompilerThread0   4191 2243       3       jdk.internal.reflect.Reflection::isCallerSensitive (24 bytes)

VM state:not at safepoint (normal execution)

VM Mutex/Monitor currently owned by a thread: None

Heap address: 0x0000000080000000, size: 2048 MB, Compressed Oops mode: 32-bit
Narrow klass base: 0x0000000000000000, Narrow klass shift: 3
Compressed class space size: 1073741824 Address: 0x0000000100000000

Heap:
 garbage-first heap   total 188416K, used 37902K [0x0000000080000000, 0x0000000100000000)
  region size 1024K, 22 young (22528K), 2 survivors (2048K)
 Metaspace       used 26254K, capacity 26822K, committed 27008K, reserved 1073152K
  class space    used 3395K, capacity 3602K, committed 3712K, reserved 1048576K
Heap Regions: E=young(eden), S=young(survivor), O=old, HS=humongous(starts), HC=humongous(continues), CS=collection set, F=free, A=archive, TAMS=top-at-mark-start (previous, next)
|   0|0x0000000080000000, 0x0000000080100000, 0x0000000080100000|100%| O|  |TAMS 0x0000000080000000, 0x0000000080000000| Untracked 
|   1|0x0000000080100000, 0x0000000080200000, 0x0000000080200000|100%| O|  |TAMS 0x0000000080100000, 0x0000000080100000| Untracked 
|   2|0x0000000080200000, 0x0000000080300000, 0x0000000080300000|100%| O|  |TAMS 0x0000000080200000, 0x0000000080200000| Untracked 
|   3|0x0000000080300000, 0x0000000080400000, 0x0000000080400000|100%|HS|  |TAMS 0x0000000080400000, 0x0000000080300000| Complete 
|   4|0x0000000080400000, 0x0000000080500000, 0x0000000080500000|100%|HC|  |TAMS 0x0000000080500000, 0x0000000080400000| Complete 
|   5|0x0000000080500000, 0x0000000080600000, 0x0000000080600000|100%|HC|  |TAMS 0x0000000080600000, 0x0000000080500000| Complete 
|   6|0x0000000080600000, 0x0000000080700000, 0x0000000080700000|100%| O|  |TAMS 0x0000000080700000, 0x0000000080600000| Untracked 
|   7|0x0000000080700000, 0x0000000080800000, 0x0000000080800000|100%| O|  |TAMS 0x0000000080800000, 0x0000000080700000| Untracked 
|   8|0x0000000080800000, 0x0000000080900000, 0x0000000080900000|100%| O|  |TAMS 0x0000000080900000, 0x0000000080800000| Untracked 
|   9|0x0000000080900000, 0x0000000080a00000, 0x0000000080a00000|100%| O|  |TAMS 0x0000000080940400, 0x0000000080900000| Untracked 
|  10|0x0000000080a00000, 0x0000000080b00000, 0x0000000080b00000|100%| O|  |TAMS 0x0000000080a00000, 0x0000000080a00000| Untracked 
|  11|0x0000000080b00000, 0x0000000080c00000, 0x0000000080c00000|100%| O|  |TAMS 0x0000000080b00000, 0x0000000080b00000| Untracked 
|  12|0x0000000080c00000, 0x0000000080d00000, 0x0000000080d00000|100%| O|  |TAMS 0x0000000080c00000, 0x0000000080c00000| Untracked 
|  13|0x0000000080d00000, 0x0000000080e00000, 0x0000000080e00000|100%| O|  |TAMS 0x0000000080d00000, 0x0000000080d00000| Untracked 
|  14|0x0000000080e00000, 0x0000000080f00000, 0x0000000080f00000|100%| O|  |TAMS 0x0000000080e00000, 0x0000000080e00000| Untracked 
|  15|0x0000000080f00000, 0x0000000081000000, 0x0000000081000000|100%| O|  |TAMS 0x0000000080f00000, 0x0000000080f00000| Untracked 
|  16|0x0000000081000000, 0x0000000081047e00, 0x0000000081100000| 28%| O|  |TAMS 0x0000000081000000, 0x0000000081000000| Untracked 
|  17|0x0000000081100000, 0x0000000081100000, 0x0000000081200000|  0%| F|  |TAMS 0x0000000081100000, 0x0000000081100000| Untracked 
|  18|0x0000000081200000, 0x0000000081200000, 0x0000000081300000|  0%| F|  |TAMS 0x0000000081200000, 0x0000000081200000| Untracked 
|  19|0x0000000081300000, 0x0000000081300000, 0x0000000081400000|  0%| F|  |TAMS 0x0000000081300000, 0x0000000081300000| Untracked 
|  20|0x0000000081400000, 0x0000000081400000, 0x0000000081500000|  0%| F|  |TAMS 0x0000000081400000, 0x0000000081400000| Untracked 
|  21|0x0000000081500000, 0x0000000081500000, 0x0000000081600000|  0%| F|  |TAMS 0x0000000081500000, 0x0000000081500000| Untracked 
|  22|0x0000000081600000, 0x0000000081600000, 0x0000000081700000|  0%| F|  |TAMS 0x0000000081600000, 0x0000000081600000| Untracked 
|  23|0x0000000081700000, 0x0000000081700000, 0x0000000081800000|  0%| F|  |TAMS 0x0000000081700000, 0x0000000081700000| Untracked 
|  24|0x0000000081800000, 0x0000000081800000, 0x0000000081900000|  0%| F|  |TAMS 0x0000000081800000, 0x0000000081800000| Untracked 
|  25|0x0000000081900000, 0x0000000081900000, 0x0000000081a00000|  0%| F|  |TAMS 0x0000000081900000, 0x0000000081900000| Untracked 
|  26|0x0000000081a00000, 0x0000000081a00000, 0x0000000081b00000|  0%| F|  |TAMS 0x0000000081a00000, 0x0000000081a00000| Untracked 
|  27|0x0000000081b00000, 0x0000000081b00000, 0x0000000081c00000|  0%| F|  |TAMS 0x0000000081b00000, 0x0000000081b00000| Untracked 
|  28|0x0000000081c00000, 0x0000000081c00000, 0x0000000081d00000|  0%| F|  |TAMS 0x0000000081c00000, 0x0000000081c00000| Untracked 
|  29|0x0000000081d00000, 0x0000000081d00000, 0x0000000081e00000|  0%| F|  |TAMS 0x0000000081d00000, 0x0000000081d00000| Untracked 
|  30|0x0000000081e00000, 0x0000000081e00000, 0x0000000081f00000|  0%| F|  |TAMS 0x0000000081e00000, 0x0000000081e00000| Untracked 
|  31|0x0000000081f00000, 0x0000000081f00000, 0x0000000082000000|  0%| F|  |TAMS 0x0000000081f00000, 0x0000000081f00000| Untracked 
|  32|0x0000000082000000, 0x0000000082000000, 0x0000000082100000|  0%| F|  |TAMS 0x0000000082000000, 0x0000000082000000| Untracked 
|  33|0x0000000082100000, 0x0000000082100000, 0x0000000082200000|  0%| F|  |TAMS 0x0000000082100000, 0x0000000082100000| Untracked 
|  34|0x0000000082200000, 0x0000000082200000, 0x0000000082300000|  0%| F|  |TAMS 0x0000000082200000, 0x0000000082200000| Untracked 
|  35|0x0000000082300000, 0x0000000082300000, 0x0000000082400000|  0%| F|  |TAMS 0x0000000082300000, 0x0000000082300000| Untracked 
|  36|0x0000000082400000, 0x0000000082400000, 0x0000000082500000|  0%| F|  |TAMS 0x0000000082400000, 0x0000000082400000| Untracked 
|  37|0x0000000082500000, 0x0000000082500000, 0x0000000082600000|  0%| F|  |TAMS 0x0000000082500000, 0x0000000082500000| Untracked 
|  38|0x0000000082600000, 0x0000000082600000, 0x0000000082700000|  0%| F|  |TAMS 0x0000000082600000, 0x0000000082600000| Untracked 
|  39|0x0000000082700000, 0x0000000082700000, 0x0000000082800000|  0%| F|  |TAMS 0x0000000082700000, 0x0000000082700000| Untracked 
|  40|0x0000000082800000, 0x0000000082800000, 0x0000000082900000|  0%| F|  |TAMS 0x0000000082800000, 0x0000000082800000| Untracked 
|  41|0x0000000082900000, 0x0000000082900000, 0x0000000082a00000|  0%| F|  |TAMS 0x0000000082900000, 0x0000000082900000| Untracked 
|  42|0x0000000082a00000, 0x0000000082a00000, 0x0000000082b00000|  0%| F|  |TAMS 0x0000000082a00000, 0x0000000082a00000| Untracked 
|  43|0x0000000082b00000, 0x0000000082b00000, 0x0000000082c00000|  0%| F|  |TAMS 0x0000000082b00000, 0x0000000082b00000| Untracked 
|  44|0x0000000082c00000, 0x0000000082c00000, 0x0000000082d00000|  0%| F|  |TAMS 0x0000000082c00000, 0x0000000082c00000| Untracked 
|  45|0x0000000082d00000, 0x0000000082d00000, 0x0000000082e00000|  0%| F|  |TAMS 0x0000000082d00000, 0x0000000082d00000| Untracked 
|  46|0x0000000082e00000, 0x0000000082e00000, 0x0000000082f00000|  0%| F|  |TAMS 0x0000000082e00000, 0x0000000082e00000| Untracked 
|  47|0x0000000082f00000, 0x0000000082f00000, 0x0000000083000000|  0%| F|  |TAMS 0x0000000082f00000, 0x0000000082f00000| Untracked 
|  48|0x0000000083000000, 0x0000000083000000, 0x0000000083100000|  0%| F|  |TAMS 0x0000000083000000, 0x0000000083000000| Untracked 
|  49|0x0000000083100000, 0x0000000083100000, 0x0000000083200000|  0%| F|  |TAMS 0x0000000083100000, 0x0000000083100000| Untracked 
|  50|0x0000000083200000, 0x0000000083200000, 0x0000000083300000|  0%| F|  |TAMS 0x0000000083200000, 0x0000000083200000| Untracked 
|  51|0x0000000083300000, 0x0000000083300000, 0x0000000083400000|  0%| F|  |TAMS 0x0000000083300000, 0x0000000083300000| Untracked 
|  52|0x0000000083400000, 0x0000000083400000, 0x0000000083500000|  0%| F|  |TAMS 0x0000000083400000, 0x0000000083400000| Untracked 
|  53|0x0000000083500000, 0x0000000083500000, 0x0000000083600000|  0%| F|  |TAMS 0x0000000083500000, 0x0000000083500000| Untracked 
|  54|0x0000000083600000, 0x0000000083600000, 0x0000000083700000|  0%| F|  |TAMS 0x0000000083600000, 0x0000000083600000| Untracked 
|  55|0x0000000083700000, 0x0000000083700000, 0x0000000083800000|  0%| F|  |TAMS 0x0000000083700000, 0x0000000083700000| Untracked 
|  56|0x0000000083800000, 0x0000000083800000, 0x0000000083900000|  0%| F|  |TAMS 0x0000000083800000, 0x0000000083800000| Untracked 
|  57|0x0000000083900000, 0x0000000083900000, 0x0000000083a00000|  0%| F|  |TAMS 0x0000000083900000, 0x0000000083900000| Untracked 
|  58|0x0000000083a00000, 0x0000000083a00000, 0x0000000083b00000|  0%| F|  |TAMS 0x0000000083a00000, 0x0000000083a00000| Untracked 
|  59|0x0000000083b00000, 0x0000000083b00000, 0x0000000083c00000|  0%| F|  |TAMS 0x0000000083b00000, 0x0000000083b00000| Untracked 
|  60|0x0000000083c00000, 0x0000000083c00000, 0x0000000083d00000|  0%| F|  |TAMS 0x0000000083c00000, 0x0000000083c00000| Untracked 
|  61|0x0000000083d00000, 0x0000000083d00000, 0x0000000083e00000|  0%| F|  |TAMS 0x0000000083d00000, 0x0000000083d00000| Untracked 
|  62|0x0000000083e00000, 0x0000000083e00000, 0x0000000083f00000|  0%| F|  |TAMS 0x0000000083e00000, 0x0000000083e00000| Untracked 
|  63|0x0000000083f00000, 0x0000000083f00000, 0x0000000084000000|  0%| F|  |TAMS 0x0000000083f00000, 0x0000000083f00000| Untracked 
|  64|0x0000000084000000, 0x0000000084000000, 0x0000000084100000|  0%| F|  |TAMS 0x0000000084000000, 0x0000000084000000| Untracked 
|  65|0x0000000084100000, 0x0000000084100000, 0x0000000084200000|  0%| F|  |TAMS 0x0000000084100000, 0x0000000084100000| Untracked 
|  66|0x0000000084200000, 0x0000000084200000, 0x0000000084300000|  0%| F|  |TAMS 0x0000000084200000, 0x0000000084200000| Untracked 
|  67|0x0000000084300000, 0x0000000084300000, 0x0000000084400000|  0%| F|  |TAMS 0x0000000084300000, 0x0000000084300000| Untracked 
|  68|0x0000000084400000, 0x0000000084400000, 0x0000000084500000|  0%| F|  |TAMS 0x0000000084400000, 0x0000000084400000| Untracked 
|  69|0x0000000084500000, 0x0000000084500000, 0x0000000084600000|  0%| F|  |TAMS 0x0000000084500000, 0x0000000084500000| Untracked 
|  70|0x0000000084600000, 0x0000000084600000, 0x0000000084700000|  0%| F|  |TAMS 0x0000000084600000, 0x0000000084600000| Untracked 
|  71|0x0000000084700000, 0x0000000084700000, 0x0000000084800000|  0%| F|  |TAMS 0x0000000084700000, 0x0000000084700000| Untracked 
|  72|0x0000000084800000, 0x0000000084800000, 0x0000000084900000|  0%| F|  |TAMS 0x0000000084800000, 0x0000000084800000| Untracked 
|  73|0x0000000084900000, 0x0000000084900000, 0x0000000084a00000|  0%| F|  |TAMS 0x0000000084900000, 0x0000000084900000| Untracked 
|  74|0x0000000084a00000, 0x0000000084a00000, 0x0000000084b00000|  0%| F|  |TAMS 0x0000000084a00000, 0x0000000084a00000| Untracked 
|  75|0x0000000084b00000, 0x0000000084b00000, 0x0000000084c00000|  0%| F|  |TAMS 0x0000000084b00000, 0x0000000084b00000| Untracked 
|  76|0x0000000084c00000, 0x0000000084c00000, 0x0000000084d00000|  0%| F|  |TAMS 0x0000000084c00000, 0x0000000084c00000| Untracked 
|  77|0x0000000084d00000, 0x0000000084d00000, 0x0000000084e00000|  0%| F|  |TAMS 0x0000000084d00000, 0x0000000084d00000| Untracked 
|  78|0x0000000084e00000, 0x0000000084e00000, 0x0000000084f00000|  0%| F|  |TAMS 0x0000000084e00000, 0x0000000084e00000| Untracked 
|  79|0x0000000084f00000, 0x0000000084f00000, 0x0000000085000000|  0%| F|  |TAMS 0x0000000084f00000, 0x0000000084f00000| Untracked 
|  80|0x0000000085000000, 0x0000000085000000, 0x0000000085100000|  0%| F|  |TAMS 0x0000000085000000, 0x0000000085000000| Untracked 
|  81|0x0000000085100000, 0x0000000085100000, 0x0000000085200000|  0%| F|  |TAMS 0x0000000085100000, 0x0000000085100000| Untracked 
|  82|0x0000000085200000, 0x0000000085200000, 0x0000000085300000|  0%| F|  |TAMS 0x0000000085200000, 0x0000000085200000| Untracked 
|  83|0x0000000085300000, 0x0000000085300000, 0x0000000085400000|  0%| F|  |TAMS 0x0000000085300000, 0x0000000085300000| Untracked 
|  84|0x0000000085400000, 0x0000000085400000, 0x0000000085500000|  0%| F|  |TAMS 0x0000000085400000, 0x0000000085400000| Untracked 
|  85|0x0000000085500000, 0x0000000085500000, 0x0000000085600000|  0%| F|  |TAMS 0x0000000085500000, 0x0000000085500000| Untracked 
|  86|0x0000000085600000, 0x0000000085600000, 0x0000000085700000|  0%| F|  |TAMS 0x0000000085600000, 0x0000000085600000| Untracked 
|  87|0x0000000085700000, 0x0000000085700000, 0x0000000085800000|  0%| F|  |TAMS 0x0000000085700000, 0x0000000085700000| Untracked 
|  88|0x0000000085800000, 0x0000000085800000, 0x0000000085900000|  0%| F|  |TAMS 0x0000000085800000, 0x0000000085800000| Untracked 
|  89|0x0000000085900000, 0x0000000085900000, 0x0000000085a00000|  0%| F|  |TAMS 0x0000000085900000, 0x0000000085900000| Untracked 
|  90|0x0000000085a00000, 0x0000000085a00000, 0x0000000085b00000|  0%| F|  |TAMS 0x0000000085a00000, 0x0000000085a00000| Untracked 
|  91|0x0000000085b00000, 0x0000000085b00000, 0x0000000085c00000|  0%| F|  |TAMS 0x0000000085b00000, 0x0000000085b00000| Untracked 
|  92|0x0000000085c00000, 0x0000000085c00000, 0x0000000085d00000|  0%| F|  |TAMS 0x0000000085c00000, 0x0000000085c00000| Untracked 
|  93|0x0000000085d00000, 0x0000000085d00000, 0x0000000085e00000|  0%| F|  |TAMS 0x0000000085d00000, 0x0000000085d00000| Untracked 
|  94|0x0000000085e00000, 0x0000000085e00000, 0x0000000085f00000|  0%| F|  |TAMS 0x0000000085e00000, 0x0000000085e00000| Untracked 
|  95|0x0000000085f00000, 0x0000000085f00000, 0x0000000086000000|  0%| F|  |TAMS 0x0000000085f00000, 0x0000000085f00000| Untracked 
|  96|0x0000000086000000, 0x0000000086000000, 0x0000000086100000|  0%| F|  |TAMS 0x0000000086000000, 0x0000000086000000| Untracked 
|  97|0x0000000086100000, 0x0000000086100000, 0x0000000086200000|  0%| F|  |TAMS 0x0000000086100000, 0x0000000086100000| Untracked 
|  98|0x0000000086200000, 0x0000000086200000, 0x0000000086300000|  0%| F|  |TAMS 0x0000000086200000, 0x0000000086200000| Untracked 
|  99|0x0000000086300000, 0x0000000086300000, 0x0000000086400000|  0%| F|  |TAMS 0x0000000086300000, 0x0000000086300000| Untracked 
| 100|0x0000000086400000, 0x0000000086400000, 0x0000000086500000|  0%| F|  |TAMS 0x0000000086400000, 0x0000000086400000| Untracked 
| 101|0x0000000086500000, 0x0000000086500000, 0x0000000086600000|  0%| F|  |TAMS 0x0000000086500000, 0x0000000086500000| Untracked 
| 102|0x0000000086600000, 0x0000000086600000, 0x0000000086700000|  0%| F|  |TAMS 0x0000000086600000, 0x0000000086600000| Untracked 
| 103|0x0000000086700000, 0x0000000086700000, 0x0000000086800000|  0%| F|  |TAMS 0x0000000086700000, 0x0000000086700000| Untracked 
| 104|0x0000000086800000, 0x0000000086800000, 0x0000000086900000|  0%| F|  |TAMS 0x0000000086800000, 0x0000000086800000| Untracked 
| 105|0x0000000086900000, 0x0000000086900000, 0x0000000086a00000|  0%| F|  |TAMS 0x0000000086900000, 0x0000000086900000| Untracked 
| 106|0x0000000086a00000, 0x0000000086a00000, 0x0000000086b00000|  0%| F|  |TAMS 0x0000000086a00000, 0x0000000086a00000| Untracked 
| 107|0x0000000086b00000, 0x0000000086b00000, 0x0000000086c00000|  0%| F|  |TAMS 0x0000000086b00000, 0x0000000086b00000| Untracked 
| 108|0x0000000086c00000, 0x0000000086c00000, 0x0000000086d00000|  0%| F|  |TAMS 0x0000000086c00000, 0x0000000086c00000| Untracked 
| 109|0x0000000086d00000, 0x0000000086d00000, 0x0000000086e00000|  0%| F|  |TAMS 0x0000000086d00000, 0x0000000086d00000| Untracked 
| 110|0x0000000086e00000, 0x0000000086e00000, 0x0000000086f00000|  0%| F|  |TAMS 0x0000000086e00000, 0x0000000086e00000| Untracked 
| 111|0x0000000086f00000, 0x0000000086f00000, 0x0000000087000000|  0%| F|  |TAMS 0x0000000086f00000, 0x0000000086f00000| Untracked 
| 112|0x0000000087000000, 0x0000000087000000, 0x0000000087100000|  0%| F|  |TAMS 0x0000000087000000, 0x0000000087000000| Untracked 
| 113|0x0000000087100000, 0x0000000087100000, 0x0000000087200000|  0%| F|  |TAMS 0x0000000087100000, 0x0000000087100000| Untracked 
| 114|0x0000000087200000, 0x0000000087200000, 0x0000000087300000|  0%| F|  |TAMS 0x0000000087200000, 0x0000000087200000| Untracked 
| 115|0x0000000087300000, 0x0000000087300000, 0x0000000087400000|  0%| F|  |TAMS 0x0000000087300000, 0x0000000087300000| Untracked 
| 116|0x0000000087400000, 0x0000000087400000, 0x0000000087500000|  0%| F|  |TAMS 0x0000000087400000, 0x0000000087400000| Untracked 
| 117|0x0000000087500000, 0x0000000087500000, 0x0000000087600000|  0%| F|  |TAMS 0x0000000087500000, 0x0000000087500000| Untracked 
| 118|0x0000000087600000, 0x0000000087600000, 0x0000000087700000|  0%| F|  |TAMS 0x0000000087600000, 0x0000000087600000| Untracked 
| 119|0x0000000087700000, 0x0000000087700000, 0x0000000087800000|  0%| F|  |TAMS 0x0000000087700000, 0x0000000087700000| Untracked 
| 120|0x0000000087800000, 0x0000000087800000, 0x0000000087900000|  0%| F|  |TAMS 0x0000000087800000, 0x0000000087800000| Untracked 
| 121|0x0000000087900000, 0x0000000087900000, 0x0000000087a00000|  0%| F|  |TAMS 0x0000000087900000, 0x0000000087900000| Untracked 
| 122|0x0000000087a00000, 0x0000000087a00000, 0x0000000087b00000|  0%| F|  |TAMS 0x0000000087a00000, 0x0000000087a00000| Untracked 
| 123|0x0000000087b00000, 0x0000000087b00000, 0x0000000087c00000|  0%| F|  |TAMS 0x0000000087b00000, 0x0000000087b00000| Untracked 
| 124|0x0000000087c00000, 0x0000000087c00000, 0x0000000087d00000|  0%| F|  |TAMS 0x0000000087c00000, 0x0000000087c00000| Untracked 
| 125|0x0000000087d00000, 0x0000000087d00000, 0x0000000087e00000|  0%| F|  |TAMS 0x0000000087d00000, 0x0000000087d00000| Untracked 
| 126|0x0000000087e00000, 0x0000000087e00000, 0x0000000087f00000|  0%| F|  |TAMS 0x0000000087e00000, 0x0000000087e00000| Untracked 
| 127|0x0000000087f00000, 0x0000000087f00000, 0x0000000088000000|  0%| F|  |TAMS 0x0000000087f00000, 0x0000000087f00000| Untracked 
| 128|0x0000000088000000, 0x0000000088000000, 0x0000000088100000|  0%| F|  |TAMS 0x0000000088000000, 0x0000000088000000| Untracked 
| 129|0x0000000088100000, 0x0000000088100000, 0x0000000088200000|  0%| F|  |TAMS 0x0000000088100000, 0x0000000088100000| Untracked 
| 130|0x0000000088200000, 0x0000000088200000, 0x0000000088300000|  0%| F|  |TAMS 0x0000000088200000, 0x0000000088200000| Untracked 
| 131|0x0000000088300000, 0x0000000088300000, 0x0000000088400000|  0%| F|  |TAMS 0x0000000088300000, 0x0000000088300000| Untracked 
| 132|0x0000000088400000, 0x0000000088400000, 0x0000000088500000|  0%| F|  |TAMS 0x0000000088400000, 0x0000000088400000| Untracked 
| 133|0x0000000088500000, 0x0000000088500000, 0x0000000088600000|  0%| F|  |TAMS 0x0000000088500000, 0x0000000088500000| Untracked 
| 134|0x0000000088600000, 0x0000000088600000, 0x0000000088700000|  0%| F|  |TAMS 0x0000000088600000, 0x0000000088600000| Untracked 
| 135|0x0000000088700000, 0x0000000088700000, 0x0000000088800000|  0%| F|  |TAMS 0x0000000088700000, 0x0000000088700000| Untracked 
| 136|0x0000000088800000, 0x0000000088800000, 0x0000000088900000|  0%| F|  |TAMS 0x0000000088800000, 0x0000000088800000| Untracked 
| 137|0x0000000088900000, 0x0000000088900000, 0x0000000088a00000|  0%| F|  |TAMS 0x0000000088900000, 0x0000000088900000| Untracked 
| 138|0x0000000088a00000, 0x0000000088a00000, 0x0000000088b00000|  0%| F|  |TAMS 0x0000000088a00000, 0x0000000088a00000| Untracked 
| 139|0x0000000088b00000, 0x0000000088b00000, 0x0000000088c00000|  0%| F|  |TAMS 0x0000000088b00000, 0x0000000088b00000| Untracked 
| 140|0x0000000088c00000, 0x0000000088c00000, 0x0000000088d00000|  0%| F|  |TAMS 0x0000000088c00000, 0x0000000088c00000| Untracked 
| 141|0x0000000088d00000, 0x0000000088d00000, 0x0000000088e00000|  0%| F|  |TAMS 0x0000000088d00000, 0x0000000088d00000| Untracked 
| 142|0x0000000088e00000, 0x0000000088e00000, 0x0000000088f00000|  0%| F|  |TAMS 0x0000000088e00000, 0x0000000088e00000| Untracked 
| 143|0x0000000088f00000, 0x0000000088f00000, 0x0000000089000000|  0%| F|  |TAMS 0x0000000088f00000, 0x0000000088f00000| Untracked 
| 144|0x0000000089000000, 0x0000000089000000, 0x0000000089100000|  0%| F|  |TAMS 0x0000000089000000, 0x0000000089000000| Untracked 
| 145|0x0000000089100000, 0x0000000089100000, 0x0000000089200000|  0%| F|  |TAMS 0x0000000089100000, 0x0000000089100000| Untracked 
| 146|0x0000000089200000, 0x0000000089200000, 0x0000000089300000|  0%| F|  |TAMS 0x0000000089200000, 0x0000000089200000| Untracked 
| 147|0x0000000089300000, 0x0000000089300000, 0x0000000089400000|  0%| F|  |TAMS 0x0000000089300000, 0x0000000089300000| Untracked 
| 148|0x0000000089400000, 0x0000000089400000, 0x0000000089500000|  0%| F|  |TAMS 0x0000000089400000, 0x0000000089400000| Untracked 
| 149|0x0000000089500000, 0x00000000895bba20, 0x0000000089600000| 73%| S|CS|TAMS 0x0000000089500000, 0x0000000089500000| Complete 
| 150|0x0000000089600000, 0x0000000089700000, 0x0000000089700000|100%| S|CS|TAMS 0x0000000089600000, 0x0000000089600000| Complete 
| 151|0x0000000089700000, 0x0000000089700000, 0x0000000089800000|  0%| F|  |TAMS 0x0000000089700000, 0x0000000089700000| Untracked 
| 152|0x0000000089800000, 0x0000000089800000, 0x0000000089900000|  0%| F|  |TAMS 0x0000000089800000, 0x0000000089800000| Untracked 
| 153|0x0000000089900000, 0x0000000089900000, 0x0000000089a00000|  0%| F|  |TAMS 0x0000000089900000, 0x0000000089900000| Untracked 
| 154|0x0000000089a00000, 0x0000000089a00000, 0x0000000089b00000|  0%| F|  |TAMS 0x0000000089a00000, 0x0000000089a00000| Untracked 
| 155|0x0000000089b00000, 0x0000000089b00000, 0x0000000089c00000|  0%| F|  |TAMS 0x0000000089b00000, 0x0000000089b00000| Untracked 
| 156|0x0000000089c00000, 0x0000000089c00000, 0x0000000089d00000|  0%| F|  |TAMS 0x0000000089c00000, 0x0000000089c00000| Untracked 
| 157|0x0000000089d00000, 0x0000000089d00000, 0x0000000089e00000|  0%| F|  |TAMS 0x0000000089d00000, 0x0000000089d00000| Untracked 
| 158|0x0000000089e00000, 0x0000000089e00000, 0x0000000089f00000|  0%| F|  |TAMS 0x0000000089e00000, 0x0000000089e00000| Untracked 
| 159|0x0000000089f00000, 0x0000000089f00000, 0x000000008a000000|  0%| F|  |TAMS 0x0000000089f00000, 0x0000000089f00000| Untracked 
| 160|0x000000008a000000, 0x000000008a000000, 0x000000008a100000|  0%| F|  |TAMS 0x000000008a000000, 0x000000008a000000| Untracked 
| 161|0x000000008a100000, 0x000000008a100000, 0x000000008a200000|  0%| F|  |TAMS 0x000000008a100000, 0x000000008a100000| Untracked 
| 162|0x000000008a200000, 0x000000008a200000, 0x000000008a300000|  0%| F|  |TAMS 0x000000008a200000, 0x000000008a200000| Untracked 
| 163|0x000000008a300000, 0x000000008a300000, 0x000000008a400000|  0%| F|  |TAMS 0x000000008a300000, 0x000000008a300000| Untracked 
| 164|0x000000008a400000, 0x000000008a480800, 0x000000008a500000| 50%| E|  |TAMS 0x000000008a400000, 0x000000008a400000| Complete 
| 165|0x000000008a500000, 0x000000008a600000, 0x000000008a600000|100%| E|CS|TAMS 0x000000008a500000, 0x000000008a500000| Complete 
| 166|0x000000008a600000, 0x000000008a700000, 0x000000008a700000|100%| E|CS|TAMS 0x000000008a600000, 0x000000008a600000| Complete 
| 167|0x000000008a700000, 0x000000008a800000, 0x000000008a800000|100%| E|CS|TAMS 0x000000008a700000, 0x000000008a700000| Complete 
| 168|0x000000008a800000, 0x000000008a900000, 0x000000008a900000|100%| E|CS|TAMS 0x000000008a800000, 0x000000008a800000| Complete 
| 169|0x000000008a900000, 0x000000008aa00000, 0x000000008aa00000|100%| E|CS|TAMS 0x000000008a900000, 0x000000008a900000| Complete 
| 170|0x000000008aa00000, 0x000000008ab00000, 0x000000008ab00000|100%| E|CS|TAMS 0x000000008aa00000, 0x000000008aa00000| Complete 
| 171|0x000000008ab00000, 0x000000008ac00000, 0x000000008ac00000|100%| E|CS|TAMS 0x000000008ab00000, 0x000000008ab00000| Complete 
| 172|0x000000008ac00000, 0x000000008ad00000, 0x000000008ad00000|100%| E|CS|TAMS 0x000000008ac00000, 0x000000008ac00000| Complete 
| 173|0x000000008ad00000, 0x000000008ae00000, 0x000000008ae00000|100%| E|CS|TAMS 0x000000008ad00000, 0x000000008ad00000| Complete 
| 174|0x000000008ae00000, 0x000000008af00000, 0x000000008af00000|100%| E|CS|TAMS 0x000000008ae00000, 0x000000008ae00000| Complete 
| 175|0x000000008af00000, 0x000000008b000000, 0x000000008b000000|100%| E|CS|TAMS 0x000000008af00000, 0x000000008af00000| Complete 
| 176|0x000000008b000000, 0x000000008b100000, 0x000000008b100000|100%| E|CS|TAMS 0x000000008b000000, 0x000000008b000000| Complete 
| 177|0x000000008b100000, 0x000000008b200000, 0x000000008b200000|100%| E|CS|TAMS 0x000000008b100000, 0x000000008b100000| Complete 
| 178|0x000000008b200000, 0x000000008b300000, 0x000000008b300000|100%| E|CS|TAMS 0x000000008b200000, 0x000000008b200000| Complete 
| 179|0x000000008b300000, 0x000000008b400000, 0x000000008b400000|100%| E|CS|TAMS 0x000000008b300000, 0x000000008b300000| Complete 
| 180|0x000000008b400000, 0x000000008b500000, 0x000000008b500000|100%| E|CS|TAMS 0x000000008b400000, 0x000000008b400000| Complete 
| 181|0x000000008b500000, 0x000000008b600000, 0x000000008b600000|100%| E|CS|TAMS 0x000000008b500000, 0x000000008b500000| Complete 
| 182|0x000000008b600000, 0x000000008b700000, 0x000000008b700000|100%| E|CS|TAMS 0x000000008b600000, 0x000000008b600000| Complete 
| 183|0x000000008b700000, 0x000000008b800000, 0x000000008b800000|100%| E|CS|TAMS 0x000000008b700000, 0x000000008b700000| Complete 

Card table byte_map: [0x000001ef29710000,0x000001ef29b10000] _byte_map_base: 0x000001ef29310000

Marking Bits (Prev, Next): (CMBitMap*) 0x000001ef16515da0, (CMBitMap*) 0x000001ef16515d68
 Prev Bits: [0x000001ef2bf10000, 0x000001ef2df10000)
 Next Bits: [0x000001ef29f10000, 0x000001ef2bf10000)

Polling page: 0x000001ef14420000

Metaspace:

Usage:
  Non-class:     22.74 MB capacity,    22.35 MB ( 98%) used,   354.42 KB (  2%) free+waste,    47.50 KB ( <1%) overhead. 
      Class:      3.55 MB capacity,     3.32 MB ( 94%) used,   207.39 KB (  6%) free+waste,    23.63 KB ( <1%) overhead. 
       Both:     26.29 MB capacity,    25.67 MB ( 98%) used,   561.81 KB (  2%) free+waste,    71.13 KB ( <1%) overhead. 

Virtual space:
  Non-class space:       24.00 MB reserved,      22.75 MB ( 95%) committed 
      Class space:        1.00 GB reserved,       3.63 MB ( <1%) committed 
             Both:        1.02 GB reserved,      26.38 MB (  3%) committed 

Chunk freelists:
   Non-Class:  12.00 KB
       Class:  14.00 KB
        Both:  26.00 KB

MaxMetaspaceSize: 17179869184.00 GB
CompressedClassSpaceSize: 1.00 GB
Initial GC threshold: 20.80 MB
Current GC threshold: 35.00 MB
CDS: off

CodeHeap 'non-profiled nmethods': size=120000Kb used=1029Kb max_used=1029Kb free=118970Kb
 bounds [0x000001ef21ab0000, 0x000001ef21d20000, 0x000001ef28fe0000]
CodeHeap 'profiled nmethods': size=120000Kb used=4740Kb max_used=4740Kb free=115259Kb
 bounds [0x000001ef1a580000, 0x000001ef1aa30000, 0x000001ef21ab0000]
CodeHeap 'non-nmethods': size=5760Kb used=1230Kb max_used=1255Kb free=4529Kb
 bounds [0x000001ef19fe0000, 0x000001ef1a250000, 0x000001ef1a580000]
 total_blobs=2727 nmethods=2227 adapters=412
 compilation: enabled
              stopped_count=0, restarted_count=0
 full_count=0

Compilation events (20 events):
Event: 4.109 Thread 0x000001ef311fa000 2220       3       org.objectweb.asm.Label::<init> (5 bytes)
Event: 4.110 Thread 0x000001ef311fa000 nmethod 2220 0x000001ef1aa0c290 code [0x000001ef1aa0c440, 0x000001ef1aa0c598]
Event: 4.110 Thread 0x000001ef311fa000 2221       3       org.objectweb.asm.Label::resolve (219 bytes)
Event: 4.110 Thread 0x000001ef311fa000 nmethod 2221 0x000001ef1aa0c690 code [0x000001ef1aa0c880, 0x000001ef1aa0cd78]
Event: 4.110 Thread 0x000001ef311fa000 2223       3       org.objectweb.asm.SymbolTable::addConstantUtf8Reference (101 bytes)
Event: 4.111 Thread 0x000001ef311fa000 nmethod 2223 0x000001ef1aa0d090 code [0x000001ef1aa0d2c0, 0x000001ef1aa0d938]
Event: 4.111 Thread 0x000001ef311fa000 2222       3       org.objectweb.asm.Frame::merge (322 bytes)
Event: 4.112 Thread 0x000001ef311fa000 nmethod 2222 0x000001ef1aa0dc90 code [0x000001ef1aa0dec0, 0x000001ef1aa0e7c8]
Event: 4.113 Thread 0x000001ef311fa000 2225       3       org.objectweb.asm.Handler::getExceptionTableLength (21 bytes)
Event: 4.113 Thread 0x000001ef311fa000 nmethod 2225 0x000001ef1aa0ea10 code [0x000001ef1aa0ebc0, 0x000001ef1aa0ed58]
Event: 4.113 Thread 0x000001ef311fa000 2224       3       org.objectweb.asm.SymbolTable::addConstantClass (8 bytes)
Event: 4.113 Thread 0x000001ef311fa000 nmethod 2224 0x000001ef1aa0ee90 code [0x000001ef1aa0f040, 0x000001ef1aa0f168]
Event: 4.129 Thread 0x000001ef311fa000 2226       3       jdk.internal.loader.ClassLoaders::platformClassLoader (4 bytes)
Event: 4.129 Thread 0x000001ef311fa000 nmethod 2226 0x000001ef1aa0f210 code [0x000001ef1aa0f3c0, 0x000001ef1aa0f4b8]
Event: 4.140 Thread 0x000001ef311fa000 2227       3       jdk.internal.reflect.Reflection::filter (217 bytes)
Event: 4.141 Thread 0x000001ef311fa000 nmethod 2227 0x000001ef1aa0f510 code [0x000001ef1aa0f760, 0x000001ef1aa102e8]
Event: 4.143 Thread 0x000001ef311fa000 2229       3       jdk.internal.loader.AbstractClassLoaderValue::extractValue (17 bytes)
Event: 4.144 Thread 0x000001ef311fa000 nmethod 2229 0x000001ef1aa10790 code [0x000001ef1aa10960, 0x000001ef1aa10cc8]
Event: 4.154 Thread 0x000001ef311fa000 2230       3       java.util.concurrent.ConcurrentHashMap::<init> (9 bytes)
Event: 4.154 Thread 0x000001ef311fa000 nmethod 2230 0x000001ef1aa10d90 code [0x000001ef1aa10f60, 0x000001ef1aa110a8]

GC Heap History (6 events):
Event: 0.858 GC heap before
{Heap before GC invocations=0 (full 0):
 garbage-first heap   total 188416K, used 30720K [0x0000000080000000, 0x0000000100000000)
  region size 1024K, 24 young (24576K), 0 survivors (0K)
 Metaspace       used 9871K, capacity 10114K, committed 10368K, reserved 1058816K
  class space    used 1027K, capacity 1102K, committed 1152K, reserved 1048576K
}
Event: 0.864 GC heap after
{Heap after GC invocations=1 (full 0):
 garbage-first heap   total 188416K, used 9473K [0x0000000080000000, 0x0000000100000000)
  region size 1024K, 3 young (3072K), 3 survivors (3072K)
 Metaspace       used 9871K, capacity 10114K, committed 10368K, reserved 1058816K
  class space    used 1027K, capacity 1102K, committed 1152K, reserved 1048576K
}
Event: 3.143 GC heap before
{Heap before GC invocations=1 (full 0):
 garbage-first heap   total 188416K, used 110849K [0x0000000080000000, 0x0000000100000000)
  region size 1024K, 102 young (104448K), 3 survivors (3072K)
 Metaspace       used 20729K, capacity 21148K, committed 21248K, reserved 1067008K
  class space    used 2547K, capacity 2727K, committed 2816K, reserved 1048576K
}
Event: 3.153 GC heap after
{Heap after GC invocations=2 (full 0):
 garbage-first heap   total 188416K, used 17138K [0x0000000080000000, 0x0000000100000000)
  region size 1024K, 11 young (11264K), 11 survivors (11264K)
 Metaspace       used 20729K, capacity 21148K, committed 21248K, reserved 1067008K
  class space    used 2547K, capacity 2727K, committed 2816K, reserved 1048576K
}
Event: 3.800 GC heap before
{Heap before GC invocations=3 (full 0):
 garbage-first heap   total 188416K, used 50930K [0x0000000080000000, 0x0000000100000000)
  region size 1024K, 44 young (45056K), 11 survivors (11264K)
 Metaspace       used 24239K, capacity 24794K, committed 25088K, reserved 1071104K
  class space    used 3070K, capacity 3265K, committed 3328K, reserved 1048576K
}
Event: 3.811 GC heap after
{Heap after GC invocations=4 (full 0):
 garbage-first heap   total 188416K, used 18446K [0x0000000080000000, 0x0000000100000000)
  region size 1024K, 2 young (2048K), 2 survivors (2048K)
 Metaspace       used 24239K, capacity 24794K, committed 25088K, reserved 1071104K
  class space    used 3070K, capacity 3265K, committed 3328K, reserved 1048576K
}

Deoptimization events (20 events):
Event: 3.178 Thread 0x000001ef32d21000 Uncommon trap: trap_request=0xffffff4d fr.pc=0x000001ef21b1fe70 relative=0x0000000000000630
Event: 3.178 Thread 0x000001ef32d21000 Uncommon trap: reason=unstable_if action=reinterpret pc=0x000001ef21b1fe70 method=java.io.File.getName()Ljava/lang/String; @ 16 c2
Event: 3.178 Thread 0x000001ef32d21000 DEOPT PACKING pc=0x000001ef21b1fe70 sp=0x00000028b1bfb2b0
Event: 3.178 Thread 0x000001ef32d21000 DEOPT UNPACKING pc=0x000001ef1a02a1af sp=0x00000028b1bfb280 mode 2
Event: 3.178 Thread 0x000001ef32d21000 Uncommon trap: trap_request=0xffffff4d fr.pc=0x000001ef21b19d08 relative=0x00000000000004c8
Event: 3.178 Thread 0x000001ef32d21000 Uncommon trap: reason=unstable_if action=reinterpret pc=0x000001ef21b19d08 method=java.lang.String.substring(I)Ljava/lang/String; @ 34 c2
Event: 3.178 Thread 0x000001ef32d21000 DEOPT PACKING pc=0x000001ef21b19d08 sp=0x00000028b1bfb230
Event: 3.178 Thread 0x000001ef32d21000 DEOPT UNPACKING pc=0x000001ef1a02a1af sp=0x00000028b1bfb208 mode 2
Event: 3.247 Thread 0x000001ef32d21000 DEOPT PACKING pc=0x000001ef1a89f9e8 sp=0x00000028b1bfb710
Event: 3.247 Thread 0x000001ef32d21000 DEOPT UNPACKING pc=0x000001ef1a02a95e sp=0x00000028b1bfac18 mode 0
Event: 3.752 Thread 0x000001ef32d21000 Uncommon trap: trap_request=0xffffff4d fr.pc=0x000001ef21b5066c relative=0x000000000000022c
Event: 3.752 Thread 0x000001ef32d21000 Uncommon trap: reason=unstable_if action=reinterpret pc=0x000001ef21b5066c method=java.util.concurrent.ConcurrentHashMap.get(Ljava/lang/Object;)Ljava/lang/Object; @ 76 c2
Event: 3.752 Thread 0x000001ef32d21000 DEOPT PACKING pc=0x000001ef21b5066c sp=0x00000028b1bf9860
Event: 3.752 Thread 0x000001ef32d21000 DEOPT UNPACKING pc=0x000001ef1a02a1af sp=0x00000028b1bf97c8 mode 2
Event: 3.778 Thread 0x000001ef32d21000 Uncommon trap: trap_request=0xffffffcc fr.pc=0x000001ef21b9f968 relative=0x0000000000000328
Event: 3.778 Thread 0x000001ef32d21000 Uncommon trap: reason=intrinsic_or_type_checked_inlining action=make_not_entrant pc=0x000001ef21b9f968 method=java.util.Arrays.copyOf([Ljava/lang/Object;ILjava/lang/Class;)[Ljava/lang/Object; @ 35 c2
Event: 3.778 Thread 0x000001ef32d21000 DEOPT PACKING pc=0x000001ef21b9f968 sp=0x00000028b1bfbcb0
Event: 3.778 Thread 0x000001ef32d21000 DEOPT UNPACKING pc=0x000001ef1a02a1af sp=0x00000028b1bfbc40 mode 2
Event: 3.895 Thread 0x000001ef32d21000 DEOPT PACKING pc=0x000001ef1a63b34c sp=0x00000028b1bfae10
Event: 3.895 Thread 0x000001ef32d21000 DEOPT UNPACKING pc=0x000001ef1a02a95e sp=0x00000028b1bfa3b0 mode 0

Classes redefined (0 events):
No events

Internal exceptions (20 events):
Event: 2.709 Thread 0x000001ef32e69800 Exception <a 'java/lang/NoSuchMethodError'{0x00000000875ed028}: <clinit>> (0x00000000875ed028) thrown at [./src/hotspot/share/prims/jni.cpp, line 1365]
Event: 2.711 Thread 0x000001ef32e69800 Exception <a 'java/lang/NoSuchMethodError'{0x00000000874052e0}: <clinit>> (0x00000000874052e0) thrown at [./src/hotspot/share/prims/jni.cpp, line 1365]
Event: 2.712 Thread 0x000001ef32e69800 Exception <a 'java/lang/NoSuchMethodError'{0x000000008740eca8}: <clinit>> (0x000000008740eca8) thrown at [./src/hotspot/share/prims/jni.cpp, line 1365]
Event: 2.714 Thread 0x000001ef32e69800 Exception <a 'java/lang/NoSuchMethodError'{0x0000000087424038}: <clinit>> (0x0000000087424038) thrown at [./src/hotspot/share/prims/jni.cpp, line 1365]
Event: 2.780 Thread 0x000001ef32d21000 Exception <a 'java/lang/NoSuchMethodError'{0x00000000871d86f8}: 'long java.lang.invoke.DirectMethodHandle$Holder.invokeInterface(java.lang.Object, java.lang.Object)'> (0x00000000871d86f8) thrown at [./src/hotspot/share/interpreter/linkResolver.cpp, line 773]
Event: 2.782 Thread 0x000001ef32d21000 Exception <a 'java/lang/NoSuchMethodError'{0x00000000871e5798}: 'void java.lang.invoke.DelegatingMethodHandle$Holder.reinvoke_L(java.lang.Object, java.lang.Object, java.lang.Object, java.lang.Object, java.lang.Object, java.lang.Object, java.lang.Object)'> (0x00000000871e5798) thrown at [./src/hotspot/share/interpreter/linkResolver.cpp, line 773]
Event: 3.084 Thread 0x000001ef32d21000 Exception <a 'java/lang/NoSuchMethodError'{0x00000000855057d0}: 'void java.lang.invoke.DirectMethodHandle$Holder.invokeStaticInit(java.lang.Object)'> (0x00000000855057d0) thrown at [./src/hotspot/share/interpreter/linkResolver.cpp, line 773]
Event: 3.097 Thread 0x000001ef32d21000 Exception <a 'java/lang/NoSuchMethodError'{0x00000000855b1d50}: 'java.lang.Object java.lang.invoke.DirectMethodHandle$Holder.invokeStatic(java.lang.Object, java.lang.Object, java.lang.Object, int)'> (0x00000000855b1d50) thrown at [./src/hotspot/share/interpreter/linkResolver.cpp, line 773]
Event: 3.098 Thread 0x000001ef32d21000 Exception <a 'java/lang/NoSuchMethodError'{0x00000000855b6468}: 'java.lang.Object java.lang.invoke.DirectMethodHandle$Holder.invokeSpecial(java.lang.Object, java.lang.Object, java.lang.Object, java.lang.Object, int)'> (0x00000000855b6468) thrown at [./src/hotspot/share/interpreter/linkResolver.cpp, line 773]
Event: 3.098 Thread 0x000001ef32d21000 Exception <a 'java/lang/NoSuchMethodError'{0x00000000855ba3a0}: 'java.lang.Object java.lang.invoke.Invokers$Holder.linkToTargetMethod(java.lang.Object, java.lang.Object, int, java.lang.Object)'> (0x00000000855ba3a0) thrown at [./src/hotspot/share/interpreter/linkResolver.cpp, line 773]
Event: 3.240 Thread 0x000001ef32d21000 Exception <a 'java/lang/NoSuchMethodError'{0x000000008b31fde0}: 'int java.lang.invoke.DirectMethodHandle$Holder.invokeSpecialIFC(java.lang.Object, java.lang.Object, java.lang.Object, java.lang.Object)'> (0x000000008b31fde0) thrown at [./src/hotspot/share/interpreter/linkResolver.cpp, line 773]
Event: 3.241 Thread 0x000001ef32d21000 Exception <a 'java/lang/NoSuchMethodError'{0x000000008b32dd98}: 'java.lang.Object java.lang.invoke.DirectMethodHandle$Holder.invokeInterface(java.lang.Object, java.lang.Object, java.lang.Object)'> (0x000000008b32dd98) thrown at [./src/hotspot/share/interpreter/linkResolver.cpp, line 773]
Event: 3.242 Thread 0x000001ef32d21000 Exception <a 'java/lang/IncompatibleClassChangeError'{0x000000008b331270}: Found class java.lang.Object, but interface was expected> (0x000000008b331270) thrown at [./src/hotspot/share/interpreter/linkResolver.cpp, line 839]
Event: 3.551 Thread 0x000001ef32d21000 Exception <a 'java/lang/NoSuchMethodError'{0x000000008a8ab870}: 'java.lang.Object java.lang.invoke.DirectMethodHandle$Holder.invokeSpecial(java.lang.Object, java.lang.Object, java.lang.Object, java.lang.Object, java.lang.Object, java.lang.Object, java.lang.Object, java.lang.Object, java.lang.Object)'> (0x000000008a8ab870) thrown at [./src/hotspot/share/interpreter/linkResolver.cpp, line 773]
Event: 3.672 Thread 0x000001ef32d21000 Exception <a 'java/lang/NoSuchMethodError'{0x0000000089e82e28}: 'java.lang.Object java.lang.invoke.DirectMethodHandle$Holder.invokeVirtual(java.lang.Object, java.lang.Object, java.lang.Object, java.lang.Object)'> (0x0000000089e82e28) thrown at [./src/hotspot/share/interpreter/linkResolver.cpp, line 773]
Event: 3.787 Thread 0x000001ef32d21000 Exception <a 'java/lang/NoSuchMethodError'{0x0000000089743380}: 'void java.lang.invoke.DirectMethodHandle$Holder.invokeSpecial(java.lang.Object, java.lang.Object, java.lang.Object, java.lang.Object, java.lang.Object, java.lang.Object)'> (0x0000000089743380) thrown at [./src/hotspot/share/interpreter/linkResolver.cpp, line 773]
Event: 3.799 Thread 0x000001ef32d21000 Exception <a 'java/lang/NoSuchMethodError'{0x00000000897ec5e8}: 'void java.lang.invoke.DirectMethodHandle$Holder.invokeSpecial(java.lang.Object, java.lang.Object, java.lang.Object, java.lang.Object, java.lang.Object, java.lang.Object, java.lang.Object)'> (0x00000000897ec5e8) thrown at [./src/hotspot/share/interpreter/linkResolver.cpp, line 773]
Event: 3.799 Thread 0x000001ef32d21000 Exception <a 'java/lang/NoSuchMethodError'{0x00000000897f4ad8}: 'java.lang.Object java.lang.invoke.Invokers$Holder.linkToTargetMethod(java.lang.Object, java.lang.Object, java.lang.Object, java.lang.Object, java.lang.Object, java.lang.Object)'> (0x00000000897f4ad8) thrown at [./src/hotspot/share/interpreter/linkResolver.cpp, line 773]
Event: 3.954 Thread 0x000001ef32d21000 Exception <a 'java/lang/NoSuchMethodError'{0x000000008ad34dc8}: 'int java.lang.invoke.DirectMethodHandle$Holder.invokeStaticInit(java.lang.Object, java.lang.Object, java.lang.Object)'> (0x000000008ad34dc8) thrown at [./src/hotspot/share/interpreter/linkResolver.cpp, line 773]
Event: 4.096 Thread 0x000001ef32d21000 Exception <a 'java/lang/NoSuchMethodError'{0x000000008a866b30}: 'void java.lang.invoke.DirectMethodHandle$Holder.invokeStaticInit(java.lang.Object, java.lang.Object)'> (0x000000008a866b30) thrown at [./src/hotspot/share/interpreter/linkResolver.cpp, line 773]

Events (20 events):
Event: 4.151 loading class org/gradle/execution/plan/ExecutionNodeAccessHierarchy
Event: 4.151 loading class org/gradle/execution/plan/ExecutionNodeAccessHierarchy done
Event: 4.152 loading class org/gradle/execution/plan/ExecutionNodeAccessHierarchy$AbstractNodeAccessVisitor
Event: 4.152 loading class org/gradle/execution/plan/ExecutionNodeAccessHierarchy$AbstractNodeAccessVisitor done
Event: 4.152 loading class org/gradle/execution/plan/ValuedVfsHierarchy$ValueVisitor
Event: 4.152 loading class org/gradle/execution/plan/ValuedVfsHierarchy$ValueVisitor done
Event: 4.152 loading class org/gradle/execution/plan/ExecutionNodeAccessHierarchy$1
Event: 4.152 loading class org/gradle/execution/plan/ExecutionNodeAccessHierarchy$1 done
Event: 4.152 loading class org/gradle/execution/plan/ExecutionNodeAccessHierarchy$2
Event: 4.152 loading class org/gradle/execution/plan/ExecutionNodeAccessHierarchy$2 done
Event: 4.152 loading class org/gradle/execution/plan/ValuedVfsHierarchy
Event: 4.152 loading class org/gradle/execution/plan/ValuedVfsHierarchy done
Event: 4.153 loading class org/gradle/internal/snapshot/ChildMap$StoreHandler
Event: 4.153 loading class org/gradle/internal/snapshot/ChildMap$StoreHandler done
Event: 4.153 loading class org/gradle/internal/snapshot/ChildMap$NodeHandler
Event: 4.153 loading class org/gradle/internal/snapshot/ChildMap$NodeHandler done
Event: 4.153 loading class org/gradle/internal/collect/PersistentList
Event: 4.153 loading class org/gradle/internal/collect/PersistentList done
Event: 4.155 loading class org/gradle/internal/collect/PersistentList$1
Event: 4.155 loading class org/gradle/internal/collect/PersistentList$1 done


Dynamic libraries:
0x00007ff7411c0000 - 0x00007ff7411ca000 	E:\Documents\TEKNIK KOMPUTER\Software\Android Studio\jre\bin\java.exe
0x00007ff8af390000 - 0x00007ff8af588000 	C:\WINDOWS\SYSTEM32\ntdll.dll
0x00007ff8aecf0000 - 0x00007ff8aedad000 	C:\WINDOWS\System32\KERNEL32.DLL
0x00007ff8acf40000 - 0x00007ff8ad20e000 	C:\WINDOWS\System32\KERNELBASE.dll
0x00007ff8acae0000 - 0x00007ff8acbe0000 	C:\WINDOWS\System32\ucrtbase.dll
0x00007ff88da00000 - 0x00007ff88da17000 	E:\Documents\TEKNIK KOMPUTER\Software\Android Studio\jre\bin\VCRUNTIME140.dll
0x00007ff8917f0000 - 0x00007ff891809000 	E:\Documents\TEKNIK KOMPUTER\Software\Android Studio\jre\bin\jli.dll
0x00007ff8ae920000 - 0x00007ff8aeac0000 	C:\WINDOWS\System32\USER32.dll
0x00007ff89a160000 - 0x00007ff89a3fa000 	C:\WINDOWS\WinSxS\amd64_microsoft.windows.common-controls_6595b64144ccf1df_6.0.19041.1110_none_60b5254171f9507e\COMCTL32.dll
0x00007ff8acab0000 - 0x00007ff8acad2000 	C:\WINDOWS\System32\win32u.dll
0x00007ff8ad4d0000 - 0x00007ff8ad56e000 	C:\WINDOWS\System32\msvcrt.dll
0x00007ff8ae5e0000 - 0x00007ff8ae60a000 	C:\WINDOWS\System32\GDI32.dll
0x00007ff8ace30000 - 0x00007ff8acf3b000 	C:\WINDOWS\System32\gdi32full.dll
0x00007ff8ad210000 - 0x00007ff8ad2ad000 	C:\WINDOWS\System32\msvcp_win.dll
0x00007ff8ad3f0000 - 0x00007ff8ad420000 	C:\WINDOWS\System32\IMM32.DLL
0x00007ff864650000 - 0x00007ff8646ed000 	E:\Documents\TEKNIK KOMPUTER\Software\Android Studio\jre\bin\msvcp140.dll
0x00007ff812a00000 - 0x00007ff8134e5000 	E:\Documents\TEKNIK KOMPUTER\Software\Android Studio\jre\bin\server\jvm.dll
0x00007ff8ae520000 - 0x00007ff8ae5ce000 	C:\WINDOWS\System32\ADVAPI32.dll
0x00007ff8aec50000 - 0x00007ff8aecec000 	C:\WINDOWS\System32\sechost.dll
0x00007ff8aedb0000 - 0x00007ff8aeed5000 	C:\WINDOWS\System32\RPCRT4.dll
0x00007ff8adc90000 - 0x00007ff8adc98000 	C:\WINDOWS\System32\PSAPI.DLL
0x00007ff895b00000 - 0x00007ff895b09000 	C:\WINDOWS\SYSTEM32\WSOCK32.dll
0x00007ff8a3cc0000 - 0x00007ff8a3cca000 	C:\WINDOWS\SYSTEM32\VERSION.dll
0x00007ff8a3c90000 - 0x00007ff8a3cb7000 	C:\WINDOWS\SYSTEM32\WINMM.dll
0x00007ff8ae450000 - 0x00007ff8ae4bb000 	C:\WINDOWS\System32\WS2_32.dll
0x00007ff8aa9b0000 - 0x00007ff8aa9c2000 	C:\WINDOWS\SYSTEM32\kernel.appcore.dll
0x00007ff897f50000 - 0x00007ff897f61000 	E:\Documents\TEKNIK KOMPUTER\Software\Android Studio\jre\bin\verify.dll
0x00007ff8a0b20000 - 0x00007ff8a0d04000 	C:\WINDOWS\SYSTEM32\DBGHELP.DLL
0x00007ff895ad0000 - 0x00007ff895afc000 	C:\WINDOWS\SYSTEM32\dbgcore.DLL
0x00007ff8ad2b0000 - 0x00007ff8ad332000 	C:\WINDOWS\System32\bcryptPrimitives.dll
0x00007ff897e40000 - 0x00007ff897e69000 	E:\Documents\TEKNIK KOMPUTER\Software\Android Studio\jre\bin\java.dll
0x00007ff8a8780000 - 0x00007ff8a878b000 	E:\Documents\TEKNIK KOMPUTER\Software\Android Studio\jre\bin\jimage.dll
0x00007ff897f30000 - 0x00007ff897f48000 	E:\Documents\TEKNIK KOMPUTER\Software\Android Studio\jre\bin\zip.dll
0x00007ff8add00000 - 0x00007ff8ae444000 	C:\WINDOWS\System32\SHELL32.dll
0x00007ff8aabb0000 - 0x00007ff8ab344000 	C:\WINDOWS\SYSTEM32\windows.storage.dll
0x00007ff8ad910000 - 0x00007ff8adc64000 	C:\WINDOWS\System32\combase.dll
0x00007ff8ac510000 - 0x00007ff8ac540000 	C:\WINDOWS\SYSTEM32\Wldp.dll
0x00007ff8ad860000 - 0x00007ff8ad90d000 	C:\WINDOWS\System32\SHCORE.dll
0x00007ff8ae4c0000 - 0x00007ff8ae515000 	C:\WINDOWS\System32\shlwapi.dll
0x00007ff8ac9f0000 - 0x00007ff8aca0f000 	C:\WINDOWS\SYSTEM32\profapi.dll
0x00007ff897e20000 - 0x00007ff897e3a000 	E:\Documents\TEKNIK KOMPUTER\Software\Android Studio\jre\bin\net.dll
0x00007ff89d0f0000 - 0x00007ff89d1fa000 	C:\WINDOWS\SYSTEM32\WINHTTP.dll
0x00007ff8ac270000 - 0x00007ff8ac2da000 	C:\WINDOWS\system32\mswsock.dll
0x00007ff897e00000 - 0x00007ff897e14000 	E:\Documents\TEKNIK KOMPUTER\Software\Android Studio\jre\bin\nio.dll
0x00007ff85af00000 - 0x00007ff85af27000 	C:\Users\Yusri\.gradle\native\e1d6ef7f7dcc3fd88c89a11ec53ec762bb8ba0a96d01ffa2cd45eb1d1d8dd5c5\windows-amd64\native-platform.dll
0x00007ff87ac80000 - 0x00007ff87adc4000 	C:\Users\Yusri\.gradle\native\5664cfc778a61ccfe75a443a1ab52a65af34e5dc3c78e0209fed803814484fcb\windows-amd64\native-platform-file-events.dll
0x00007ff8a7f80000 - 0x00007ff8a7f8a000 	E:\Documents\TEKNIK KOMPUTER\Software\Android Studio\jre\bin\management.dll
0x00007ff898ef0000 - 0x00007ff898efd000 	E:\Documents\TEKNIK KOMPUTER\Software\Android Studio\jre\bin\management_ext.dll
0x00007ff8ac460000 - 0x00007ff8ac478000 	C:\WINDOWS\SYSTEM32\CRYPTSP.dll
0x00007ff8abb80000 - 0x00007ff8abbb4000 	C:\WINDOWS\system32\rsaenh.dll
0x00007ff8acdb0000 - 0x00007ff8acdd7000 	C:\WINDOWS\System32\bcrypt.dll
0x00007ff8ac9b0000 - 0x00007ff8ac9de000 	C:\WINDOWS\SYSTEM32\USERENV.dll
0x00007ff8ac480000 - 0x00007ff8ac48c000 	C:\WINDOWS\SYSTEM32\CRYPTBASE.dll
0x00007ff8abf10000 - 0x00007ff8abf4b000 	C:\WINDOWS\SYSTEM32\IPHLPAPI.DLL
0x00007ff8ad6f0000 - 0x00007ff8ad6f8000 	C:\WINDOWS\System32\NSI.dll
0x00007ff8a4d20000 - 0x00007ff8a4d37000 	C:\WINDOWS\SYSTEM32\dhcpcsvc6.DLL
0x00007ff8a5670000 - 0x00007ff8a568d000 	C:\WINDOWS\SYSTEM32\dhcpcsvc.DLL
0x00007ff8abf50000 - 0x00007ff8ac01a000 	C:\WINDOWS\SYSTEM32\DNSAPI.dll

dbghelp: loaded successfully - version: 4.0.5 - missing functions: none
symbol engine: initialized successfully - sym options: 0x614 - pdb path: .;E:\Documents\TEKNIK KOMPUTER\Software\Android Studio\jre\bin;C:\WINDOWS\SYSTEM32;C:\WINDOWS\WinSxS\amd64_microsoft.windows.common-controls_6595b64144ccf1df_6.0.19041.1110_none_60b5254171f9507e;E:\Documents\TEKNIK KOMPUTER\Software\Android Studio\jre\bin\server;C:\Users\Yusri\.gradle\native\e1d6ef7f7dcc3fd88c89a11ec53ec762bb8ba0a96d01ffa2cd45eb1d1d8dd5c5\windows-amd64;C:\Users\Yusri\.gradle\native\5664cfc778a61ccfe75a443a1ab52a65af34e5dc3c78e0209fed803814484fcb\windows-amd64

VM Arguments:
jvm_args: --add-opens=java.base/java.util=ALL-UNNAMED --add-opens=java.base/java.lang=ALL-UNNAMED --add-opens=java.base/java.lang.invoke=ALL-UNNAMED --add-opens=java.base/java.util=ALL-UNNAMED --add-opens=java.prefs/java.util.prefs=ALL-UNNAMED --add-opens=java.prefs/java.util.prefs=ALL-UNNAMED --add-opens=java.base/java.nio.charset=ALL-UNNAMED --add-opens=java.base/java.net=ALL-UNNAMED --add-opens=java.base/java.util.concurrent.atomic=ALL-UNNAMED -Xmx2048m -Dfile.encoding=UTF-8 -Duser.country=US -Duser.language=en -Duser.variant 
java_command: org.gradle.launcher.daemon.bootstrap.GradleDaemon 7.3.3
java_class_path (initial): C:\Users\Yusri\.gradle\wrapper\dists\gradle-7.3.3-bin\6a41zxkdtcxs8rphpq6y0069z\gradle-7.3.3\lib\gradle-launcher-7.3.3.jar
Launcher Type: SUN_STANDARD

[Global flags]
     intx CICompilerCount                          = 4                                         {product} {ergonomic}
     uint ConcGCThreads                            = 2                                         {product} {ergonomic}
     uint G1ConcRefinementThreads                  = 8                                         {product} {ergonomic}
   size_t G1HeapRegionSize                         = 1048576                                   {product} {ergonomic}
    uintx GCDrainStackTargetSize                   = 64                                        {product} {ergonomic}
   size_t InitialHeapSize                          = 192937984                                 {product} {ergonomic}
   size_t MarkStackSize                            = 4194304                                   {product} {ergonomic}
   size_t MaxHeapSize                              = 2147483648                                {product} {command line}
   size_t MaxNewSize                               = 1287651328                                {product} {ergonomic}
   size_t MinHeapDeltaBytes                        = 1048576                                   {product} {ergonomic}
    uintx NonNMethodCodeHeapSize                   = 5836300                                {pd product} {ergonomic}
    uintx NonProfiledCodeHeapSize                  = 122910970                              {pd product} {ergonomic}
    uintx ProfiledCodeHeapSize                     = 122910970                              {pd product} {ergonomic}
    uintx ReservedCodeCacheSize                    = 251658240                              {pd product} {ergonomic}
     bool SegmentedCodeCache                       = true                                      {product} {ergonomic}
     bool UseCompressedClassPointers               = true                                 {lp64_product} {ergonomic}
     bool UseCompressedOops                        = true                                 {lp64_product} {ergonomic}
     bool UseG1GC                                  = true                                      {product} {ergonomic}
     bool UseLargePagesIndividualAllocation        = false                                  {pd product} {ergonomic}

Logging:
Log output configuration:
 #0: stdout all=warning uptime,level,tags
 #1: stderr all=off uptime,level,tags

Environment Variables:
JAVA_HOME=C:\Program Files\Java\jdk1.8.0_211
CLASSPATH=.;
PATH=C:\Program Files\Common Files\Oracle\Java\javapath;C:\Python39\Scripts\;C:\Python39\;C:\WINDOWS\system32;C:\WINDOWS;C:\WINDOWS\System32\Wbem;C:\WINDOWS\System32\WindowsPowerShell\v1.0\;C:\WINDOWS\System32\OpenSSH\;C:\Program Files (x86)\NVIDIA Corporation\PhysX\Common;C:\Program Files\NVIDIA Corporation\NVIDIA NvDLISR;C:\ProgramData\chocolatey\bin;C:\Program Files\nodejs\;C:\Program Files\Git\cmd;E:\Documents\Android\Sdk\platform-tools;C:\Program Files\Java\jdk1.8.0_211;;C:\Program Files\Dart\dart-sdk\bin;E:\Documents\TEKNIK KOMPUTER\xampp\php;C:\composer;E:\Documents\TEKNIK KOMPUTER\Software\xampp\php;C:\Users\Yusri\AppData\Local\Microsoft\WindowsApps;C:\Users\Yusri\AppData\Roaming\npm;C:\Users\Yusri\AppData\Local\Programs\Microsoft VS Code\bin;E:\Documents\TEKNIK KOMPUTER\Software\flutter\bin;E:\Documents\TEKNIK KOMPUTER\Software\flutter\bin\cache\dart-sdk\bin;C:\Users\Yusri\AppData\Roaming\Composer\vendor\bin;
USERNAME=Yusri
OS=Windows_NT
PROCESSOR_IDENTIFIER=AMD64 Family 23 Model 24 Stepping 1, AuthenticAMD



---------------  S Y S T E M  ---------------

OS: Windows 10 , 64 bit Build 19041 (10.0.19041.1889)
OS uptime: 0 days 2:39 hours

CPU:total 8 (initial active 8) (8 cores per cpu, 2 threads per core) family 23 model 24 stepping 1 microcode 0x0, cmov, cx8, fxsr, mmx, sse, sse2, sse3, ssse3, sse4.1, sse4.2, popcnt, avx, avx2, aes, clmul, mmxext, 3dnowpref, lzcnt, sse4a, ht, tsc, tscinvbit, tscinv, bmi1, bmi2, adx, sha, fma

Memory: 4k page, system-wide physical 11713M (342M free)
TotalPageFile size 35916M (AvailPageFile size 4M)
current process WorkingSet (physical memory assigned to process): 235M, peak: 235M
current process commit charge ("private bytes"): 333M, peak: 334M

vm_info: OpenJDK 64-Bit Server VM (11.0.12+7-b1504.28-7817840) for windows-amd64 JRE (11.0.12+7-b1504.28-7817840), built on Oct 13 2021 22:12:33 by "builder" with MS VC++ 14.0 (VS2015)

END.
